#
# There is insufficient memory for the Java Runtime Environment to continue.
# Native memory allocation (malloc) failed to allocate 40976 bytes for Chunk::new
# Possible reasons:
#   The system is out of physical RAM or swap space
#   The process is running with CompressedOops enabled, and the Java Heap may be blocking the growth of the native heap
# Possible solutions:
#   Reduce memory load on the system
#   Increase physical memory or swap space
#   Check if swap backing store is full
#   Decrease Java heap size (-Xmx/-Xms)
#   Decrease number of Java threads
#   Decrease Java thread stack sizes (-Xss)
#   Set larger code cache with -XX:ReservedCodeCacheSize=
#   JVM is running with Unscaled Compressed Oops mode in which the Java heap is
#     placed in the first 4GB address space. The Java Heap base address is the
#     maximum limit for the native heap growth. Please use -XX:HeapBaseMinAddress
#     to set the Java Heap base and to place the Java Heap above 4GB virtual address.
# This output file may be truncated or incomplete.
#
#  Out of Memory Error (allocation.cpp:389), pid=10368, tid=0x0000000000003468
#
# JRE version: OpenJDK Runtime Environment (8.0_212-b04) (build 1.8.0_212-release-1586-b04)
# Java VM: OpenJDK 64-Bit Server VM (25.212-b04 mixed mode windows-amd64 compressed oops)
# Failed to write core dump. Minidumps are not enabled by default on client versions of Windows
#

---------------  T H R E A D  ---------------

Current thread (0x0000000018bfe000):  JavaThread "C1 CompilerThread3" daemon [_thread_in_native, id=13416, stack(0x0000000019ef0000,0x0000000019ff0000)]

Stack: [0x0000000019ef0000,0x0000000019ff0000]
[error occurred during error reporting (printing stack bounds), id 0xc0000005]

Native frames: (J=compiled Java code, j=interpreted, Vv=VM code, C=native code)


Current CompileTask:
C1:15993664 40919       3       com.android.tools.r8.u.c.M::a (3068 bytes)


---------------  P R O C E S S  ---------------

Java Threads: ( => current thread )
  0x000000001bc81000 JavaThread "WorkerExecutor Queue Thread 10" [_thread_blocked, id=12820, stack(0x0000000046b40000,0x0000000046c40000)]
  0x000000001bc76800 JavaThread "WorkerExecutor Queue Thread 9" [_thread_blocked, id=3024, stack(0x0000000044ee0000,0x0000000044fe0000)]
  0x000000001bc7a800 JavaThread "ForkJoinPool.commonPool-worker-7" daemon [_thread_blocked, id=10452, stack(0x0000000046a40000,0x0000000046b40000)]
  0x000000001bc78000 JavaThread "ForkJoinPool.commonPool-worker-6" daemon [_thread_blocked, id=6100, stack(0x0000000046940000,0x0000000046a40000)]
  0x000000001eb09000 JavaThread "ForkJoinPool.commonPool-worker-5" daemon [_thread_blocked, id=10276, stack(0x0000000046840000,0x0000000046940000)]
  0x000000001eb08800 JavaThread "ForkJoinPool.commonPool-worker-4" daemon [_thread_blocked, id=7576, stack(0x0000000046740000,0x0000000046840000)]
  0x000000001eb07800 JavaThread "ForkJoinPool.commonPool-worker-3" daemon [_thread_blocked, id=18628, stack(0x00000000454e0000,0x00000000455e0000)]
  0x000000001eb07000 JavaThread "ForkJoinPool.commonPool-worker-2" daemon [_thread_blocked, id=5880, stack(0x00000000453e0000,0x00000000454e0000)]
  0x000000001eaff800 JavaThread "ForkJoinPool.commonPool-worker-1" daemon [_thread_blocked, id=16680, stack(0x0000000044000000,0x0000000044100000)]
  0x000000001eb01800 JavaThread "stdout" [_thread_in_native, id=18908, stack(0x0000000046440000,0x0000000046540000)]
  0x000000001eafb800 JavaThread "stderr" [_thread_in_native, id=19036, stack(0x0000000046340000,0x0000000046440000)]
  0x000000001ec54000 JavaThread "stdout" [_thread_in_native, id=10548, stack(0x0000000046240000,0x0000000046340000)]
  0x000000001ec52800 JavaThread "stderr" [_thread_in_native, id=18664, stack(0x0000000045f40000,0x0000000046040000)]
  0x000000001ec53000 JavaThread "stdout" [_thread_in_native, id=12112, stack(0x00000000456d0000,0x00000000457d0000)]
  0x000000001ec51800 JavaThread "stderr" [_thread_in_native, id=7132, stack(0x00000000452e0000,0x00000000453e0000)]
  0x000000001ec4a000 JavaThread "stdout" [_thread_in_native, id=19388, stack(0x00000000451e0000,0x00000000452e0000)]
  0x000000001ec4c800 JavaThread "stderr" [_thread_in_native, id=7764, stack(0x00000000450e0000,0x00000000451e0000)]
  0x000000001ec4e000 JavaThread "stdout" [_thread_in_native, id=3172, stack(0x0000000044fe0000,0x00000000450e0000)]
  0x000000001ec4b800 JavaThread "stderr" [_thread_in_native, id=19048, stack(0x00000000443a0000,0x00000000444a0000)]
  0x000000001ec4d000 JavaThread "stdout" [_thread_in_native, id=11624, stack(0x0000000044de0000,0x0000000044ee0000)]
  0x000000002a62a800 JavaThread "stderr" [_thread_in_native, id=7092, stack(0x0000000044ce0000,0x0000000044de0000)]
  0x000000002a622000 JavaThread "stdout" [_thread_in_native, id=13956, stack(0x0000000044ad0000,0x0000000044bd0000)]
  0x000000002a625000 JavaThread "stderr" [_thread_in_native, id=18872, stack(0x00000000449d0000,0x0000000044ad0000)]
  0x000000002a623800 JavaThread "WorkerExecutor Queue Thread 7" [_thread_blocked, id=19052, stack(0x0000000044be0000,0x0000000044ce0000)]
  0x000000002a61e800 JavaThread "WorkerExecutor Queue Thread 6" [_thread_blocked, id=12232, stack(0x00000000448d0000,0x00000000449d0000)]
  0x000000002a621800 JavaThread "pool-204-thread-1" [_thread_blocked, id=11868, stack(0x00000000447d0000,0x00000000448d0000)]
  0x000000002a61c000 JavaThread "WorkerExecutor Queue Thread 5" [_thread_blocked, id=18856, stack(0x00000000446d0000,0x00000000447d0000)]
  0x000000002a61f000 JavaThread "WorkerExecutor Queue Thread 4" [_thread_blocked, id=10940, stack(0x00000000445d0000,0x00000000446d0000)]
  0x000000002a620000 JavaThread "WorkerExecutor Queue Thread 3" [_thread_blocked, id=12152, stack(0x00000000444d0000,0x00000000445d0000)]
  0x000000002216e000 JavaThread "WorkerExecutor Queue Thread 2" [_thread_blocked, id=224, stack(0x00000000441a0000,0x00000000442a0000)]
  0x000000002216d800 JavaThread "WorkerExecutor Queue" [_thread_blocked, id=7852, stack(0x00000000442a0000,0x00000000443a0000)]
  0x000000002216c000 JavaThread "Cache worker for execution history cache (C:\Users\HP\AndroidStudioProjects\ProjectUncharted\.gradle\5.6.4\executionHistory)" [_thread_blocked, id=7272, stack(0x0000000043f00000,0x0000000044000000)]
  0x000000002216f800 JavaThread "Execution worker for ':' Thread 7" [_thread_blocked, id=12340, stack(0x0000000041490000,0x0000000041590000)]
  0x0000000022170800 JavaThread "Execution worker for ':' Thread 6" [_thread_in_native, id=4820, stack(0x000000003b630000,0x000000003b730000)]
  0x0000000022164800 JavaThread "Execution worker for ':' Thread 5" [_thread_blocked, id=14704, stack(0x000000003b130000,0x000000003b230000)]
  0x0000000022163000 JavaThread "Execution worker for ':' Thread 4" [_thread_blocked, id=14508, stack(0x000000003a520000,0x000000003a620000)]
  0x0000000022161800 JavaThread "Execution worker for ':' Thread 3" [_thread_blocked, id=3324, stack(0x000000002f5c0000,0x000000002f6c0000)]
  0x0000000022165000 JavaThread "Execution worker for ':' Thread 2" [_thread_blocked, id=8592, stack(0x000000002ef10000,0x000000002f010000)]
  0x0000000022166000 JavaThread "Execution worker for ':'" [_thread_blocked, id=19144, stack(0x000000002da80000,0x000000002db80000)]
  0x000000001e443800 JavaThread "Cache worker for file content cache (C:\Users\HP\AndroidStudioProjects\ProjectUncharted\.gradle\5.6.4\fileContent)" [_thread_blocked, id=11164, stack(0x000000002a780000,0x000000002a880000)]
  0x000000001e443000 JavaThread "Cache worker for Build Output Cleanup Cache (C:\Users\HP\AndroidStudioProjects\ProjectUncharted\.gradle\buildOutputCleanup)" [_thread_blocked, id=14668, stack(0x00000000285e0000,0x00000000286e0000)]
  0x000000001e43b800 JavaThread "Build operations Thread 8" [_thread_blocked, id=19248, stack(0x0000000027e60000,0x0000000027f60000)]
  0x000000001e442000 JavaThread "Build operations Thread 7" [_thread_blocked, id=19360, stack(0x0000000027b60000,0x0000000027c60000)]
  0x000000001e43d000 JavaThread "Build operations Thread 6" [_thread_blocked, id=19008, stack(0x0000000027a60000,0x0000000027b60000)]
  0x000000001e440000 JavaThread "Build operations Thread 5" [_thread_blocked, id=19428, stack(0x0000000027960000,0x0000000027a60000)]
  0x000000001e43e800 JavaThread "Build operations Thread 4" [_thread_blocked, id=18712, stack(0x0000000026780000,0x0000000026880000)]
  0x000000001e43a800 JavaThread "Build operations Thread 3" [_thread_blocked, id=12260, stack(0x0000000025990000,0x0000000025a90000)]
  0x000000001e440800 JavaThread "Build operations Thread 2" [_thread_blocked, id=8452, stack(0x0000000025320000,0x0000000025420000)]
  0x000000001e441800 JavaThread "Build operations" [_thread_blocked, id=15852, stack(0x0000000024520000,0x0000000024620000)]
  0x000000001e439000 JavaThread "Cache worker for cache directory md-rule (C:\Users\HP\.gradle\caches\5.6.4\md-rule)" [_thread_blocked, id=12780, stack(0x00000000218c0000,0x00000000219c0000)]
  0x000000001e43f000 JavaThread "Cache worker for cache directory md-supplier (C:\Users\HP\.gradle\caches\5.6.4\md-supplier)" [_thread_blocked, id=13448, stack(0x0000000020770000,0x0000000020870000)]
  0x000000001e43a000 JavaThread "Cache worker for file hash cache (C:\Users\HP\AndroidStudioProjects\ProjectUncharted\.gradle\5.6.4\fileHashes)" [_thread_blocked, id=17360, stack(0x0000000020070000,0x0000000020170000)]
  0x000000001e435800 JavaThread "Thread-2905" [_thread_blocked, id=19216, stack(0x000000001d8d0000,0x000000001d9d0000)]
  0x000000001e438800 JavaThread "Stdin handler" [_thread_blocked, id=6424, stack(0x000000001d7d0000,0x000000001d8d0000)]
  0x000000001e437800 JavaThread "Asynchronous log dispatcher for DefaultDaemonConnection: socket connection from /127.0.0.1:55645 to /127.0.0.1:60768" [_thread_blocked, id=13588, stack(0x000000001d5d0000,0x000000001d6d0000)]
  0x000000001e43c000 JavaThread "Daemon worker Thread 45" [_thread_blocked, id=16396, stack(0x000000001d4d0000,0x000000001d5d0000)]
  0x000000001e434800 JavaThread "Cancel handler" [_thread_blocked, id=7696, stack(0x000000001d3d0000,0x000000001d4d0000)]
  0x000000001e437000 JavaThread "Handler for socket connection from /127.0.0.1:55645 to /127.0.0.1:60768" [_thread_in_native, id=8168, stack(0x0000000000f60000,0x0000000001060000)]
  0x000000001e436000 JavaThread "Daemon Thread 45" [_thread_blocked, id=16260, stack(0x0000000000d30000,0x0000000000e30000)]
  0x000000001ec48000 JavaThread "Cache worker for Java compile cache (C:\Users\HP\.gradle\caches\5.6.4\javaCompile)" [_thread_blocked, id=6716, stack(0x000000002a680000,0x000000002a780000)]
  0x000000001bc7c000 JavaThread "Cache worker for file content cache (C:\Users\HP\.gradle\caches\5.6.4\fileContent)" [_thread_blocked, id=11904, stack(0x0000000027160000,0x0000000027260000)]
  0x000000001bc83800 JavaThread "Memory manager" [_thread_blocked, id=9404, stack(0x0000000025620000,0x0000000025720000)]
  0x000000001bc76000 JavaThread "Cache worker for execution history cache (C:\Users\HP\.gradle\caches\5.6.4\executionHistory)" [_thread_blocked, id=16632, stack(0x00000000219c0000,0x0000000021ac0000)]
  0x000000001ab95800 JavaThread "Cache worker for journal cache (C:\Users\HP\.gradle\caches\journal-1)" [_thread_blocked, id=12656, stack(0x000000001ddd0000,0x000000001ded0000)]
  0x000000001ab92800 JavaThread "File lock request listener" [_thread_in_native, id=4188, stack(0x000000001dcd0000,0x000000001ddd0000)]
  0x000000001ab95000 JavaThread "Cache worker for file hash cache (C:\Users\HP\.gradle\caches\5.6.4\fileHashes)" [_thread_blocked, id=7256, stack(0x000000001dbd0000,0x000000001dcd0000)]
  0x000000001bb6c800 JavaThread "Daemon periodic checks" [_thread_blocked, id=17196, stack(0x000000001ced0000,0x000000001cfd0000)]
  0x000000001bb8c800 JavaThread "Incoming local TCP Connector on port 55645" [_thread_in_native, id=1060, stack(0x000000001cc90000,0x000000001cd90000)]
  0x000000001bafd800 JavaThread "Daemon health stats" [_thread_blocked, id=1656, stack(0x000000001c990000,0x000000001ca90000)]
  0x0000000018c23000 JavaThread "Service Thread" daemon [_thread_blocked, id=10976, stack(0x0000000019ff0000,0x000000001a0f0000)]
=>0x0000000018bfe000 JavaThread "C1 CompilerThread3" daemon [_thread_in_native, id=13416, stack(0x0000000019ef0000,0x0000000019ff0000)]
  0x0000000018bf8800 JavaThread "C2 CompilerThread2" daemon [_thread_blocked, id=11740, stack(0x0000000019df0000,0x0000000019ef0000)]
  0x0000000018bf4800 JavaThread "C2 CompilerThread1" daemon [_thread_blocked, id=15716, stack(0x0000000019cf0000,0x0000000019df0000)]
  0x0000000018bf1000 JavaThread "C2 CompilerThread0" daemon [_thread_in_native, id=14376, stack(0x0000000019bf0000,0x0000000019cf0000)]
  0x0000000018bad800 JavaThread "Attach Listener" daemon [_thread_blocked, id=12516, stack(0x0000000019af0000,0x0000000019bf0000)]
  0x0000000018b96800 JavaThread "Signal Dispatcher" daemon [_thread_blocked, id=3996, stack(0x00000000199f0000,0x0000000019af0000)]
  0x0000000002fdc800 JavaThread "Finalizer" daemon [_thread_blocked, id=8864, stack(0x0000000019070000,0x0000000019170000)]
  0x0000000018b90800 JavaThread "Reference Handler" daemon [_thread_blocked, id=7412, stack(0x0000000018f70000,0x0000000019070000)]
  0x0000000002ee2800 JavaThread "main" [_thread_blocked, id=16116, stack(0x0000000002de0000,0x0000000002ee0000)]

Other Threads:
  0x0000000016d98000 VMThread [stack: 0x0000000018a70000,0x0000000018b70000] [id=4500]
  0x0000000018c23800 WatcherThread [stack: 0x000000001a0f0000,0x000000001a1f0000] [id=15244]

VM state:not at safepoint (normal execution)

VM Mutex/Monitor currently owned by a thread:  ([mutex/lock_event])
[0x0000000002ee0bd0] Compile_lock - owner thread: 0x0000000000000000

heap address: 0x00000000a0000000, size: 1536 MB, Compressed Oops mode: 32-bit
Narrow klass base: 0x0000000000000000, Narrow klass shift: 3
Compressed class space size: 1073741824 Address: 0x0000000100000000

Heap:
 PSYoungGen      total 446976K, used 376632K [0x00000000e0000000, 0x0000000100000000, 0x0000000100000000)
  eden space 384000K, 87% used [0x00000000e0000000,0x00000000f499d580,0x00000000f7700000)
  from space 62976K, 62% used [0x00000000fc280000,0x00000000fe8b0c08,0x0000000100000000)
  to   space 70144K, 0% used [0x00000000f7700000,0x00000000f7700000,0x00000000fbb80000)
 ParOldGen       total 320000K, used 94918K [0x00000000a0000000, 0x00000000b3880000, 0x00000000e0000000)
  object space 320000K, 29% used [0x00000000a0000000,0x00000000a5cb1b38,0x00000000b3880000)
 Metaspace       used 329322K, capacity 339785K, committed 339956K, reserved 1349632K
  class space    used 38288K, capacity 40440K, committed 40448K, reserved 1048576K

Card table byte_map: [0x00000000123a0000,0x00000000126b0000] byte_map_base: 0x0000000011ea0000

Marking Bits: (ParMarkBitMap*) 0x0000000072a99f30
 Begin Bits: [0x00000000130b0000, 0x00000000148b0000)
 End Bits:   [0x00000000148b0000, 0x00000000160b0000)

Polling page: 0x0000000001100000

CodeCache: size=245760Kb used=114232Kb max_used=114243Kb free=131527Kb
 bounds [0x0000000002fe0000, 0x000000000a030000, 0x0000000011fe0000]
 total_blobs=32265 nmethods=31314 adapters=861
 compilation: enabled

Compilation events (10 events):
Event: 15993.385 Thread 0x0000000018bf8800 40916       4       com.android.tools.r8.graph.b::definitionFor (79 bytes)
Event: 15993.387 Thread 0x0000000018bf1000 40908       4       com.android.tools.r8.ir.regalloc.LinearScanRegisterAllocator::b (1369 bytes)
Event: 15993.399 Thread 0x0000000018bfe000 nmethod 40903 0x000000000600ebd0 code [0x000000000600ef40, 0x0000000006010bc8]
Event: 15993.400 Thread 0x0000000018bf8800 nmethod 40916 0x000000000600d750 code [0x000000000600d8e0, 0x000000000600e138]
Event: 15993.400 Thread 0x0000000018bf8800 40897       4       com.android.tools.r8.u.b.l::f (38 bytes)
Event: 15993.402 Thread 0x0000000018bfe000 40917       3       com.android.tools.r8.ir.regalloc.LinearScanRegisterAllocator::a (3993 bytes)
Event: 15993.407 Thread 0x0000000018bf8800 nmethod 40897 0x000000000600cf90 code [0x000000000600d0e0, 0x000000000600d3d8]
Event: 15993.412 Thread 0x0000000018bf8800 40918       4       com.android.tools.r8.ir.optimize.Z::a (406 bytes)
Event: 15993.434 Thread 0x0000000018bfe000 nmethod 40917 0x0000000009fec990 code [0x0000000009fee960, 0x000000000a004698]
Event: 15993.441 Thread 0x0000000018bfe000 40919       3       com.android.tools.r8.u.c.M::a (3068 bytes)

GC Heap History (10 events):
Event: 9871.176 GC heap before
{Heap before GC invocations=54 (full 6):
 PSYoungGen      total 463872K, used 450609K [0x00000000e0000000, 0x0000000100000000, 0x0000000100000000)
  eden space 409088K, 100% used [0x00000000e0000000,0x00000000f8f80000,0x00000000f8f80000)
  from space 54784K, 75% used [0x00000000f8f80000,0x00000000fb80c700,0x00000000fc500000)
  to   space 56832K, 0% used [0x00000000fc880000,0x00000000fc880000,0x0000000100000000)
 ParOldGen       total 320000K, used 88329K [0x00000000a0000000, 0x00000000b3880000, 0x00000000e0000000)
  object space 320000K, 27% used [0x00000000a0000000,0x00000000a56425c0,0x00000000b3880000)
 Metaspace       used 296583K, capacity 305275K, committed 306164K, reserved 1318912K
  class space    used 34614K, capacity 36397K, committed 36608K, reserved 1048576K
Event: 9871.198 GC heap after
Heap after GC invocations=54 (full 6):
 PSYoungGen      total 468480K, used 34122K [0x00000000e0000000, 0x0000000100000000, 0x0000000100000000)
  eden space 411648K, 0% used [0x00000000e0000000,0x00000000e0000000,0x00000000f9200000)
  from space 56832K, 60% used [0x00000000fc880000,0x00000000fe9d2a00,0x0000000100000000)
  to   space 55808K, 0% used [0x00000000f9200000,0x00000000f9200000,0x00000000fc880000)
 ParOldGen       total 320000K, used 88337K [0x00000000a0000000, 0x00000000b3880000, 0x00000000e0000000)
  object space 320000K, 27% used [0x00000000a0000000,0x00000000a56445c0,0x00000000b3880000)
 Metaspace       used 296583K, capacity 305275K, committed 306164K, reserved 1318912K
  class space    used 34614K, capacity 36397K, committed 36608K, reserved 1048576K
}
Event: 10252.431 GC heap before
{Heap before GC invocations=55 (full 6):
 PSYoungGen      total 468480K, used 445770K [0x00000000e0000000, 0x0000000100000000, 0x0000000100000000)
  eden space 411648K, 100% used [0x00000000e0000000,0x00000000f9200000,0x00000000f9200000)
  from space 56832K, 60% used [0x00000000fc880000,0x00000000fe9d2a00,0x0000000100000000)
  to   space 55808K, 0% used [0x00000000f9200000,0x00000000f9200000,0x00000000fc880000)
 ParOldGen       total 320000K, used 88337K [0x00000000a0000000, 0x00000000b3880000, 0x00000000e0000000)
  object space 320000K, 27% used [0x00000000a0000000,0x00000000a56445c0,0x00000000b3880000)
 Metaspace       used 309532K, capacity 318435K, committed 319476K, reserved 1331200K
  class space    used 36056K, capacity 37885K, committed 38144K, reserved 1048576K
Event: 10252.473 GC heap after
Heap after GC invocations=55 (full 6):
 PSYoungGen      total 457216K, used 45531K [0x00000000e0000000, 0x0000000100000000, 0x0000000100000000)
  eden space 411648K, 0% used [0x00000000e0000000,0x00000000e0000000,0x00000000f9200000)
  from space 45568K, 99% used [0x00000000f9200000,0x00000000fbe76ff8,0x00000000fbe80000)
  to   space 58880K, 0% used [0x00000000fc680000,0x00000000fc680000,0x0000000100000000)
 ParOldGen       total 320000K, used 88345K [0x00000000a0000000, 0x00000000b3880000, 0x00000000e0000000)
  object space 320000K, 27% used [0x00000000a0000000,0x00000000a56465c0,0x00000000b3880000)
 Metaspace       used 309532K, capacity 318435K, committed 319476K, reserved 1331200K
  class space    used 36056K, capacity 37885K, committed 38144K, reserved 1048576K
}
Event: 14104.370 GC heap before
{Heap before GC invocations=56 (full 6):
 PSYoungGen      total 457216K, used 457179K [0x00000000e0000000, 0x0000000100000000, 0x0000000100000000)
  eden space 411648K, 100% used [0x00000000e0000000,0x00000000f9200000,0x00000000f9200000)
  from space 45568K, 99% used [0x00000000f9200000,0x00000000fbe76ff8,0x00000000fbe80000)
  to   space 58880K, 0% used [0x00000000fc680000,0x00000000fc680000,0x0000000100000000)
 ParOldGen       total 320000K, used 88345K [0x00000000a0000000, 0x00000000b3880000, 0x00000000e0000000)
  object space 320000K, 27% used [0x00000000a0000000,0x00000000a56465c0,0x00000000b3880000)
 Metaspace       used 320202K, capacity 329491K, committed 330228K, reserved 1339392K
  class space    used 37252K, capacity 39198K, committed 39424K, reserved 1048576K
Event: 14104.698 GC heap after
Heap after GC invocations=56 (full 6):
 PSYoungGen      total 457216K, used 50096K [0x00000000e0000000, 0x0000000100000000, 0x0000000100000000)
  eden space 398336K, 0% used [0x00000000e0000000,0x00000000e0000000,0x00000000f8500000)
  from space 58880K, 85% used [0x00000000fc680000,0x00000000ff76c098,0x0000000100000000)
  to   space 62976K, 0% used [0x00000000f8500000,0x00000000f8500000,0x00000000fc280000)
 ParOldGen       total 320000K, used 88353K [0x00000000a0000000, 0x00000000b3880000, 0x00000000e0000000)
  object space 320000K, 27% used [0x00000000a0000000,0x00000000a56485c0,0x00000000b3880000)
 Metaspace       used 320202K, capacity 329491K, committed 330228K, reserved 1339392K
  class space    used 37252K, capacity 39198K, committed 39424K, reserved 1048576K
}
Event: 15758.514 GC heap before
{Heap before GC invocations=57 (full 6):
 PSYoungGen      total 457216K, used 448432K [0x00000000e0000000, 0x0000000100000000, 0x0000000100000000)
  eden space 398336K, 100% used [0x00000000e0000000,0x00000000f8500000,0x00000000f8500000)
  from space 58880K, 85% used [0x00000000fc680000,0x00000000ff76c098,0x0000000100000000)
  to   space 62976K, 0% used [0x00000000f8500000,0x00000000f8500000,0x00000000fc280000)
 ParOldGen       total 320000K, used 88353K [0x00000000a0000000, 0x00000000b3880000, 0x00000000e0000000)
  object space 320000K, 27% used [0x00000000a0000000,0x00000000a56485c0,0x00000000b3880000)
 Metaspace       used 328309K, capacity 338357K, committed 338548K, reserved 1347584K
  class space    used 38169K, capacity 40236K, committed 40320K, reserved 1048576K
Event: 15758.661 GC heap after
Heap after GC invocations=57 (full 6):
 PSYoungGen      total 461312K, used 62966K [0x00000000e0000000, 0x0000000100000000, 0x0000000100000000)
  eden space 398336K, 0% used [0x00000000e0000000,0x00000000e0000000,0x00000000f8500000)
  from space 62976K, 99% used [0x00000000f8500000,0x00000000fc27db78,0x00000000fc280000)
  to   space 62976K, 0% used [0x00000000fc280000,0x00000000fc280000,0x0000000100000000)
 ParOldGen       total 320000K, used 94910K [0x00000000a0000000, 0x00000000b3880000, 0x00000000e0000000)
  object space 320000K, 29% used [0x00000000a0000000,0x00000000a5cafb38,0x00000000b3880000)
 Metaspace       used 328309K, capacity 338357K, committed 338548K, reserved 1347584K
  class space    used 38169K, capacity 40236K, committed 40320K, reserved 1048576K
}
Event: 15911.986 GC heap before
{Heap before GC invocations=58 (full 6):
 PSYoungGen      total 461312K, used 461302K [0x00000000e0000000, 0x0000000100000000, 0x0000000100000000)
  eden space 398336K, 100% used [0x00000000e0000000,0x00000000f8500000,0x00000000f8500000)
  from space 62976K, 99% used [0x00000000f8500000,0x00000000fc27db78,0x00000000fc280000)
  to   space 62976K, 0% used [0x00000000fc280000,0x00000000fc280000,0x0000000100000000)
 ParOldGen       total 320000K, used 94910K [0x00000000a0000000, 0x00000000b3880000, 0x00000000e0000000)
  object space 320000K, 29% used [0x00000000a0000000,0x00000000a5cafb38,0x00000000b3880000)
 Metaspace       used 328677K, capacity 338879K, committed 339188K, reserved 1347584K
  class space    used 38213K, capacity 40337K, committed 40448K, reserved 1048576K
Event: 15912.041 GC heap after
Heap after GC invocations=58 (full 6):
 PSYoungGen      total 446976K, used 39107K [0x00000000e0000000, 0x0000000100000000, 0x0000000100000000)
  eden space 384000K, 0% used [0x00000000e0000000,0x00000000e0000000,0x00000000f7700000)
  from space 62976K, 62% used [0x00000000fc280000,0x00000000fe8b0c08,0x0000000100000000)
  to   space 70144K, 0% used [0x00000000f7700000,0x00000000f7700000,0x00000000fbb80000)
 ParOldGen       total 320000K, used 94918K [0x00000000a0000000, 0x00000000b3880000, 0x00000000e0000000)
  object space 320000K, 29% used [0x00000000a0000000,0x00000000a5cb1b38,0x00000000b3880000)
 Metaspace       used 328677K, capacity 338879K, committed 339188K, reserved 1347584K
  class space    used 38213K, capacity 40337K, committed 40448K, reserved 1048576K
}

Deoptimization events (10 events):
Event: 15993.420 Thread 0x0000000022161800 Uncommon trap: reason=class_check action=maybe_recompile pc=0x00000000060c1e20 method=com.android.tools.r8.ir.analysis.type.j.a(Lcom/android/tools/r8/u/b/g1;Lcom/android/tools/r8/ir/analysis/type/k;)V @ 108
Event: 15993.424 Thread 0x0000000022161800 Uncommon trap: reason=unstable_if action=reinterpret pc=0x000000000698fbe4 method=com.android.tools.r8.ir.optimize.k.a(Lcom/android/tools/r8/u/b/T;)V @ 283
Event: 15993.425 Thread 0x0000000022161800 Uncommon trap: reason=unstable_if action=reinterpret pc=0x0000000008ed91f4 method=com.android.tools.r8.ir.regalloc.LinearScanRegisterAllocator.a(Lcom/android/tools/r8/utils/X;Lcom/android/tools/r8/u/b/T;Ljava/util/Map;Ljava/util/List;)V @ 814
Event: 15993.426 Thread 0x0000000022161800 Uncommon trap: reason=unstable_if action=reinterpret pc=0x0000000009014420 method=com.android.tools.r8.u.b.i0.E2()Z @ 9
Event: 15993.435 Thread 0x0000000022161800 Uncommon trap: reason=unstable_if action=reinterpret pc=0x0000000005cb2c4c method=com.android.tools.r8.u.c.o.b(Lcom/android/tools/r8/r/n/z;)Z @ 18
Event: 15993.439 Thread 0x0000000022161800 Uncommon trap: reason=unstable_if action=reinterpret pc=0x0000000005bb8bfc method=com.android.tools.r8.u.a.h.e.b(Lcom/android/tools/r8/u/b/d0;)V @ 360
Event: 15993.458 Thread 0x0000000022163000 Uncommon trap: reason=class_check action=maybe_recompile pc=0x00000000057dc334 method=com.android.tools.r8.ir.optimize.h.a(Lcom/android/tools/r8/u/b/T;Lcom/android/tools/r8/u/b/l;Lcom/android/tools/r8/s/a/a/a/b0;Ljava/util/Map;Ljava/util/function/Predicat
Event: 15993.472 Thread 0x0000000022163000 Uncommon trap: reason=predicate action=maybe_recompile pc=0x0000000007e726a4 method=com.android.tools.r8.ir.regalloc.a.a(Lcom/android/tools/r8/ir/regalloc/LinearScanRegisterAllocator;)V @ 74
Event: 15993.485 Thread 0x0000000022163000 Uncommon trap: reason=class_check action=maybe_recompile pc=0x0000000005389228 method=com.android.tools.r8.ir.optimize.Z.a(Lcom/android/tools/r8/u/b/T;Lcom/android/tools/r8/ir/regalloc/LinearScanRegisterAllocator;)V @ 109
Event: 15993.486 Thread 0x0000000022163000 Uncommon trap: reason=class_check action=maybe_recompile pc=0x0000000005389228 method=com.android.tools.r8.ir.optimize.Z.a(Lcom/android/tools/r8/u/b/T;Lcom/android/tools/r8/ir/regalloc/LinearScanRegisterAllocator;)V @ 109

Classes redefined (0 events):
No events

Internal exceptions (10 events):
Event: 15989.553 Thread 0x000000002216f800 Exception <a 'java/lang/NoSuchMethodError': <clinit>> (0x00000000f05004a0) thrown at [D:\src\AOSP-openjdk-cygwin\jdk8u\hotspot\src\share\vm\prims\jni.cpp, line 1614]
Event: 15992.702 Thread 0x0000000022163000 Exception <a 'sun/nio/fs/WindowsException'> (0x00000000f39fb288) thrown at [D:\src\AOSP-openjdk-cygwin\jdk8u\hotspot\src\share\vm\prims\jni.cpp, line 710]
Event: 15992.702 Thread 0x0000000022166000 Exception <a 'sun/nio/fs/WindowsException'> (0x00000000f3991590) thrown at [D:\src\AOSP-openjdk-cygwin\jdk8u\hotspot\src\share\vm\prims\jni.cpp, line 710]
Event: 15992.702 Thread 0x0000000022164800 Exception <a 'sun/nio/fs/WindowsException'> (0x00000000f39c84a0) thrown at [D:\src\AOSP-openjdk-cygwin\jdk8u\hotspot\src\share\vm\prims\jni.cpp, line 710]
Event: 15992.739 Thread 0x0000000022170800 Exception <a 'sun/nio/fs/WindowsException'> (0x00000000f395ff68) thrown at [D:\src\AOSP-openjdk-cygwin\jdk8u\hotspot\src\share\vm\prims\jni.cpp, line 710]
Event: 15992.745 Thread 0x0000000022161800 Exception <a 'sun/nio/fs/WindowsException'> (0x00000000f3bd3d50) thrown at [D:\src\AOSP-openjdk-cygwin\jdk8u\hotspot\src\share\vm\prims\jni.cpp, line 710]
Event: 15992.816 Thread 0x000000002216f800 Exception <a 'java/lang/NoSuchMethodError': <clinit>> (0x00000000f3fc6648) thrown at [D:\src\AOSP-openjdk-cygwin\jdk8u\hotspot\src\share\vm\prims\jni.cpp, line 1614]
Event: 15992.833 Thread 0x000000002216f800 Exception <a 'java/lang/NoSuchMethodError': <clinit>> (0x00000000f3fe40c0) thrown at [D:\src\AOSP-openjdk-cygwin\jdk8u\hotspot\src\share\vm\prims\jni.cpp, line 1614]
Event: 15992.834 Thread 0x000000002216f800 Exception <a 'java/lang/NoSuchMethodError': <clinit>> (0x00000000f4005c80) thrown at [D:\src\AOSP-openjdk-cygwin\jdk8u\hotspot\src\share\vm\prims\jni.cpp, line 1614]
Event: 15992.835 Thread 0x000000002216f800 Exception <a 'java/lang/NoSuchMethodError': <clinit>> (0x00000000f4037180) thrown at [D:\src\AOSP-openjdk-cygwin\jdk8u\hotspot\src\share\vm\prims\jni.cpp, line 1614]

Events (10 events):
Event: 15993.485 Thread 0x0000000022163000 DEOPT UNPACKING pc=0x000000000302557b sp=0x000000003a61c1d8 mode 2
Event: 15993.486 Thread 0x0000000022163000 Uncommon trap: trap_request=0xffffffde fr.pc=0x0000000005389228
Event: 15993.486 Thread 0x0000000022163000 DEOPT PACKING pc=0x0000000005389228 sp=0x000000003a61c1a0
Event: 15993.486 Thread 0x0000000022163000 DEOPT UNPACKING pc=0x000000000302557b sp=0x000000003a61c1d8 mode 2
Event: 15993.498 loading class com/android/tools/r8/u/b/d0
Event: 15993.498 loading class com/android/tools/r8/u/b/d0 done
Event: 15993.498 loading class com/android/tools/r8/u/b/d0
Event: 15993.498 loading class com/android/tools/r8/u/b/d0 done
Event: 15993.498 loading class com/android/tools/r8/u/a/i/a
Event: 15993.498 loading class com/android/tools/r8/u/a/i/a done


Dynamic libraries:
0x00007ff61beb0000 - 0x00007ff61bee1000 	C:\Program Files\Android\Android Studio\jre\bin\java.exe
0x00007ff8fc000000 - 0x00007ff8fc1f0000 	C:\WINDOWS\SYSTEM32\ntdll.dll
0x00007ff8fbd50000 - 0x00007ff8fbe02000 	C:\WINDOWS\System32\KERNEL32.DLL
0x00007ff8f9a90000 - 0x00007ff8f9d34000 	C:\WINDOWS\System32\KERNELBASE.dll
0x00007ff8fba80000 - 0x00007ff8fbb23000 	C:\WINDOWS\System32\ADVAPI32.dll
0x00007ff8fb710000 - 0x00007ff8fb7ae000 	C:\WINDOWS\System32\msvcrt.dll
0x00007ff8fad00000 - 0x00007ff8fad97000 	C:\WINDOWS\System32\sechost.dll
0x00007ff8fb900000 - 0x00007ff8fba20000 	C:\WINDOWS\System32\RPCRT4.dll
0x00007ff8fa130000 - 0x00007ff8fa2c4000 	C:\WINDOWS\System32\USER32.dll
0x00007ff8f90b0000 - 0x00007ff8f90d1000 	C:\WINDOWS\System32\win32u.dll
0x00007ff8fab20000 - 0x00007ff8fab46000 	C:\WINDOWS\System32\GDI32.dll
0x00007ff8f9f10000 - 0x00007ff8fa0a4000 	C:\WINDOWS\System32\gdi32full.dll
0x00007ff8f9010000 - 0x00007ff8f90ae000 	C:\WINDOWS\System32\msvcp_win.dll
0x00007ff8f9210000 - 0x00007ff8f930a000 	C:\WINDOWS\System32\ucrtbase.dll
0x00007ff8f1e80000 - 0x00007ff8f2104000 	C:\WINDOWS\WinSxS\amd64_microsoft.windows.common-controls_6595b64144ccf1df_6.0.18362.815_none_e6c3b941130ffef4\COMCTL32.dll
0x00007ff8fb3d0000 - 0x00007ff8fb706000 	C:\WINDOWS\System32\combase.dll
0x00007ff8f8f90000 - 0x00007ff8f9010000 	C:\WINDOWS\System32\bcryptPrimitives.dll
0x00007ff8fada0000 - 0x00007ff8fadce000 	C:\WINDOWS\System32\IMM32.DLL
0x00007ff8e01d0000 - 0x00007ff8e01fb000 	C:\Program Files\MacType\MacType64.dll
0x00007ff8e0200000 - 0x00007ff8e024f000 	C:\Program Files\MacType\Easyhk64.dll
0x00007ff8e00d0000 - 0x00007ff8e01ce000 	C:\Program Files\MacType\MacType64.Core.dll
0x00007ff8f5e40000 - 0x00007ff8f6400000 	C:\WINDOWS\SYSTEM32\d2d1.dll
0x00007ff8dbed0000 - 0x00007ff8dc1ce000 	C:\WINDOWS\SYSTEM32\dwrite.dll
0x00000000721f0000 - 0x00000000722c2000 	C:\Program Files\Android\Android Studio\jre\jre\bin\msvcr100.dll
0x00000000722d0000 - 0x0000000072b16000 	C:\Program Files\Android\Android Studio\jre\jre\bin\server\jvm.dll
0x00007ff8fb820000 - 0x00007ff8fb828000 	C:\WINDOWS\System32\PSAPI.DLL
0x00007ff8f58c0000 - 0x00007ff8f58e4000 	C:\WINDOWS\SYSTEM32\WINMM.dll
0x00007ff8e1160000 - 0x00007ff8e1169000 	C:\WINDOWS\SYSTEM32\WSOCK32.dll
0x00007ff8f4970000 - 0x00007ff8f497a000 	C:\WINDOWS\SYSTEM32\VERSION.dll
0x00007ff8fbb30000 - 0x00007ff8fbb9f000 	C:\WINDOWS\System32\WS2_32.dll
0x00007ff8f5890000 - 0x00007ff8f58bd000 	C:\WINDOWS\SYSTEM32\winmmbase.dll
0x00007ff8f91c0000 - 0x00007ff8f920a000 	C:\WINDOWS\System32\cfgmgr32.dll
0x00007ff8f5df0000 - 0x00007ff8f5dff000 	C:\Program Files\Android\Android Studio\jre\jre\bin\verify.dll
0x00007ff8ef6c0000 - 0x00007ff8ef6e9000 	C:\Program Files\Android\Android Studio\jre\jre\bin\java.dll
0x00007ff8f59a0000 - 0x00007ff8f59b6000 	C:\Program Files\Android\Android Studio\jre\jre\bin\zip.dll
0x00007ff8fa2d0000 - 0x00007ff8fa9b4000 	C:\WINDOWS\System32\SHELL32.dll
0x00007ff8fbba0000 - 0x00007ff8fbc49000 	C:\WINDOWS\System32\shcore.dll
0x0000000019270000 - 0x00000000199ed000 	C:\WINDOWS\System32\windows.storage.dll
0x00007ff8f8ed0000 - 0x00007ff8f8ef3000 	C:\WINDOWS\System32\profapi.dll
0x00007ff8f8f20000 - 0x00007ff8f8f6a000 	C:\WINDOWS\System32\powrprof.dll
0x00007ff8f8ec0000 - 0x00007ff8f8ed0000 	C:\WINDOWS\System32\UMPDC.dll
0x00007ff8fb7c0000 - 0x00007ff8fb812000 	C:\WINDOWS\System32\shlwapi.dll
0x00007ff8f8f00000 - 0x00007ff8f8f11000 	C:\WINDOWS\System32\kernel.appcore.dll
0x00007ff8f9d40000 - 0x00007ff8f9d57000 	C:\WINDOWS\System32\cryptsp.dll
0x00007ff8f3d40000 - 0x00007ff8f3d5a000 	C:\Program Files\Android\Android Studio\jre\jre\bin\net.dll
0x00007ff8f31e0000 - 0x00007ff8f33b6000 	C:\WINDOWS\SYSTEM32\urlmon.dll
0x00007ff8ee980000 - 0x00007ff8eec26000 	C:\WINDOWS\SYSTEM32\iertutil.dll
0x00007ff8f8900000 - 0x00007ff8f890c000 	C:\WINDOWS\SYSTEM32\CRYPTBASE.DLL
0x00007ff8f8730000 - 0x00007ff8f8797000 	C:\WINDOWS\system32\mswsock.dll
0x00007ff8f3d10000 - 0x00007ff8f3d23000 	C:\Program Files\Android\Android Studio\jre\jre\bin\nio.dll
0x00007ff8e8370000 - 0x00007ff8e8396000 	C:\Users\HP\.gradle\native\30\windows-amd64\native-platform.dll
0x00007ff8f5cb0000 - 0x00007ff8f5cbd000 	C:\Program Files\Android\Android Studio\jre\jre\bin\management.dll
0x00007ff8f82a0000 - 0x00007ff8f82d3000 	C:\WINDOWS\system32\rsaenh.dll
0x00007ff8f90e0000 - 0x00007ff8f9106000 	C:\WINDOWS\System32\bcrypt.dll
0x00007ff8f8db0000 - 0x00007ff8f8dd5000 	C:\WINDOWS\SYSTEM32\USERENV.dll
0x00007ff8f8440000 - 0x00007ff8f847a000 	C:\WINDOWS\SYSTEM32\IPHLPAPI.DLL
0x00007ff8fb7b0000 - 0x00007ff8fb7b8000 	C:\WINDOWS\System32\NSI.dll
0x00007ff8f1bb0000 - 0x00007ff8f1bc6000 	C:\WINDOWS\SYSTEM32\dhcpcsvc6.DLL
0x00007ff8f0fc0000 - 0x00007ff8f0fdc000 	C:\WINDOWS\SYSTEM32\dhcpcsvc.DLL
0x00007ff8f8480000 - 0x00007ff8f854b000 	C:\WINDOWS\SYSTEM32\DNSAPI.dll
0x0000000066e00000 - 0x0000000066f03000 	C:\Users\HP\AppData\Local\Temp\sqlite-3.25.2-0e985a33-15d4-45db-bde4-1cebb85c6041-sqlitejdbc.dll
0x000000002c450000 - 0x000000002c553000 	C:\Users\HP\AppData\Local\Temp\sqlite-3.25.2-78ad8dbe-d6ff-472a-a3f9-9813c718b782-sqlitejdbc.dll
0x000000002c960000 - 0x000000002ca63000 	C:\Users\HP\AppData\Local\Temp\sqlite-3.25.2-b7f2b8f9-63bb-46fd-92be-77c22d430503-sqlitejdbc.dll
0x000000002e380000 - 0x000000002e483000 	C:\Users\HP\AppData\Local\Temp\sqlite-3.25.2-aead380a-7e41-4013-83c5-a8df0a7027a9-sqlitejdbc.dll
0x000000002f9e0000 - 0x000000002fae3000 	C:\Users\HP\AppData\Local\Temp\sqlite-3.25.2-19a4f3cd-981e-4537-97da-ab32b8ff64ba-sqlitejdbc.dll
0x000000002f8c0000 - 0x000000002f9c3000 	C:\Users\HP\AppData\Local\Temp\sqlite-3.25.2-b5899de8-881b-41cb-b9c8-8ed487f5b5eb-sqlitejdbc.dll
0x00000000315d0000 - 0x00000000316d3000 	C:\Users\HP\AppData\Local\Temp\sqlite-3.25.2-701dbeca-5079-4e1d-a8ae-7d509bf00456-sqlitejdbc.dll
0x0000000034d90000 - 0x0000000034e93000 	C:\Users\HP\AppData\Local\Temp\sqlite-3.25.2-0c7cb42b-6284-41f8-8f55-c5e879964cb4-sqlitejdbc.dll
0x00000000314c0000 - 0x00000000315c3000 	C:\Users\HP\AppData\Local\Temp\sqlite-3.25.2-d4ed8580-8858-4d3b-ac4a-2b60ec4c25eb-sqlitejdbc.dll
0x0000000034c80000 - 0x0000000034d83000 	C:\Users\HP\AppData\Local\Temp\sqlite-3.25.2-27942cb6-3556-4faf-b73a-7a254d84b650-sqlitejdbc.dll
0x0000000036100000 - 0x0000000036203000 	C:\Users\HP\AppData\Local\Temp\sqlite-3.25.2-83c86190-c38d-43e0-826f-a05e2304b4fa-sqlitejdbc.dll
0x0000000037640000 - 0x0000000037743000 	C:\Users\HP\AppData\Local\Temp\sqlite-3.25.2-649e5b89-da31-4a46-9712-5ff0e232b29b-sqlitejdbc.dll
0x0000000037f70000 - 0x0000000038073000 	C:\Users\HP\AppData\Local\Temp\sqlite-3.25.2-5a6203f2-e4b0-46b6-976d-0313d3f4115b-sqlitejdbc.dll
0x0000000037b50000 - 0x0000000037c53000 	C:\Users\HP\AppData\Local\Temp\sqlite-3.25.2-a7d872fe-b9f6-4d9f-8637-fe5f56a1581f-sqlitejdbc.dll
0x0000000037e60000 - 0x0000000037f63000 	C:\Users\HP\AppData\Local\Temp\sqlite-3.25.2-7600198f-8055-4b60-aa8c-6a5f9909b731-sqlitejdbc.dll
0x0000000038680000 - 0x0000000038783000 	C:\Users\HP\AppData\Local\Temp\sqlite-3.25.2-97666096-9a7f-400a-b157-a27e05d955ff-sqlitejdbc.dll
0x00000000391c0000 - 0x00000000392c3000 	C:\Users\HP\AppData\Local\Temp\sqlite-3.25.2-047df2b2-0ec6-4854-8e41-5f5dbff6688c-sqlitejdbc.dll
0x0000000039f00000 - 0x000000003a003000 	C:\Users\HP\AppData\Local\Temp\sqlite-3.25.2-defae8ad-498a-453f-9e54-44e1ecd8411d-sqlitejdbc.dll
0x000000003a410000 - 0x000000003a513000 	C:\Users\HP\AppData\Local\Temp\sqlite-3.25.2-2ab95c6d-9c66-4e8d-b271-61484ce37138-sqlitejdbc.dll
0x000000003ae20000 - 0x000000003af23000 	C:\Users\HP\AppData\Local\Temp\sqlite-3.25.2-84b7a156-7cbe-4715-8cd9-3fd9f2c43022-sqlitejdbc.dll
0x000000003c060000 - 0x000000003c163000 	C:\Users\HP\AppData\Local\Temp\sqlite-3.25.2-53ab412d-1d52-492a-b8d9-d11d3a21530c-sqlitejdbc.dll
0x000000003be40000 - 0x000000003bf43000 	C:\Users\HP\AppData\Local\Temp\sqlite-3.25.2-fbd0133b-eb5d-4baa-9db6-43ccb9dff9ce-sqlitejdbc.dll
0x000000003bb30000 - 0x000000003bc33000 	C:\Users\HP\AppData\Local\Temp\sqlite-3.25.2-22c711df-f503-4dc9-bad5-93e42a16b999-sqlitejdbc.dll
0x000000003bf50000 - 0x000000003c053000 	C:\Users\HP\AppData\Local\Temp\sqlite-3.25.2-2c1b58b7-7406-424d-a7d9-9b8628ec0bd9-sqlitejdbc.dll
0x000000003c970000 - 0x000000003ca73000 	C:\Users\HP\AppData\Local\Temp\sqlite-3.25.2-463a65f6-d742-4c1e-a60c-cb79248a274d-sqlitejdbc.dll
0x0000000040980000 - 0x0000000040a83000 	C:\Users\HP\AppData\Local\Temp\sqlite-3.25.2-e2486cea-00cb-43dc-a097-9319b3e443a3-sqlitejdbc.dll
0x000000003fc20000 - 0x000000003fd23000 	C:\Users\HP\AppData\Local\Temp\sqlite-3.25.2-76b640bf-27b6-4903-a23b-97425e5dbd1f-sqlitejdbc.dll
0x00007ff8e8890000 - 0x00007ff8e88b4000 	C:\Program Files\Android\Android Studio\jre\jre\bin\sunec.dll
0x0000000073450000 - 0x0000000073476000 	C:\Program Files\Bonjour\mdnsNSP.dll
0x00007ff8e9250000 - 0x00007ff8e925a000 	C:\Windows\System32\rasadhlp.dll
0x00007ff8f0600000 - 0x00007ff8f0677000 	C:\WINDOWS\System32\fwpuclnt.dll
0x00007ff8f26e0000 - 0x00007ff8f26eb000 	C:\Program Files\Android\Android Studio\jre\jre\bin\sunmscapi.dll
0x00007ff8f9dc0000 - 0x00007ff8f9f09000 	C:\WINDOWS\System32\CRYPT32.dll
0x00007ff8f8f70000 - 0x00007ff8f8f82000 	C:\WINDOWS\System32\MSASN1.dll
0x0000000041790000 - 0x0000000041893000 	C:\Users\HP\AppData\Local\Temp\sqlite-3.25.2-32d0c8ae-b254-4d23-af62-a0ab18e1faaa-sqlitejdbc.dll
0x0000000041fa0000 - 0x00000000420a3000 	C:\Users\HP\AppData\Local\Temp\sqlite-3.25.2-853624c6-68ce-4748-a4d7-6fd25461e2da-sqlitejdbc.dll
0x00000000426b0000 - 0x00000000427b3000 	C:\Users\HP\AppData\Local\Temp\sqlite-3.25.2-cef3b70a-522d-454f-b7f1-a5cdae0faf2c-sqlitejdbc.dll
0x0000000042dc0000 - 0x0000000042ec3000 	C:\Users\HP\AppData\Local\Temp\sqlite-3.25.2-bc3775ea-085d-44a8-9e66-af79e25e6a63-sqlitejdbc.dll
0x00000000434e0000 - 0x00000000435e3000 	C:\Users\HP\AppData\Local\Temp\sqlite-3.25.2-4e199c00-6312-48d1-8e6d-c1367499240a-sqlitejdbc.dll
0x00000000439f0000 - 0x0000000043af3000 	C:\Users\HP\AppData\Local\Temp\sqlite-3.25.2-0b5b0a72-96ff-4eae-aa45-e963afe1561c-sqlitejdbc.dll
0x0000000045c30000 - 0x0000000045d33000 	C:\Users\HP\AppData\Local\Temp\sqlite-3.25.2-d58db6eb-db78-4bad-82dd-eacf958ed660-sqlitejdbc.dll

VM Arguments:
jvm_args: -Xmx1536m -Dfile.encoding=windows-31j -Duser.country=US -Duser.language=en -Duser.variant 
java_command: org.gradle.launcher.daemon.bootstrap.GradleDaemon 5.6.4
java_class_path (initial): C:\Users\HP\.gradle\wrapper\dists\gradle-5.6.4-all\ankdp27end7byghfw1q2sw75f\gradle-5.6.4\lib\gradle-launcher-5.6.4.jar
Launcher Type: SUN_STANDARD

Environment Variables:
JAVA_HOME=C:\Program Files\Java\jdk1.8.0_201
CLASSPATH=.;
PATH=C:\Program Files (x86)\Common Files\Oracle\Java\javapath;C:\Program Files (x86)\Intel\iCLS Client\;C:\Program Files\Intel\iCLS Client\;C:\windows\system32;C:\windows;C:\windows\System32\Wbem;C:\windows\System32\WindowsPowerShell\v1.0\;C:\Program Files (x86)\NVIDIA Corporation\PhysX\Common;C:\Program Files (x86)\Intel\Intel(R) Management Engine Components\DAL;C:\Program Files\Intel\Intel(R) Management Engine Components\DAL;C:\Program Files (x86)\Intel\Intel(R) Management Engine Components\IPT;C:\Program Files\Intel\Intel(R) Management Engine Components\IPT;C:\WINDOWS\system32;C:\WINDOWS;C:\WINDOWS\System32\Wbem;C:\WINDOWS\System32\WindowsPowerShell\v1.0\;C:\Program Files\Git\cmd;C:\WINDOWS\System32\OpenSSH\;C:\Program Files\Microsoft VS Code\bin;C:\ProgramData\chocolatey\bin;C:\Program Files\Java\jdk1.8.0_201\bin;C:\Android\android-sdk\tools;C:\Android\android-sdk\platform-tools;C:\Android\android-sdk\tools\bin;;C:\Program Files\NVIDIA Corporation\NVIDIA NvDLISR;C:\Program Files\nodejs\;C:\Program Files\dotnet\;C:\Program Files (x86)\GtkSharp\2.12\bin;C:\Users\HP\AppData\Local\Microsoft\WindowsApps;C:\Program Files\Microsoft VS Code\bin;C:\Program Files\g++\cygwin-b20\H-i586-cygwin32\bin;C:\Program Files\kotlinc\bin;C:\Users\HP\AppData\Local\atom\bin;C:\Users\HP\AppData\Local\Microsoft\WindowsApps;C:\Users\HP\AppData\Local\Android\Sdk;C:\Python27;C:\Tools;C:\Program Files\heroku\bin;C:\Users\HP\AppData\Roaming\npm;C:\Program Files (x86)\ffmpeg\bin;C:\Users\HP\AppData\Local\Programs\Microsoft VS Code Insiders\bin
USERNAME=HP
OS=Windows_NT
PROCESSOR_IDENTIFIER=Intel64 Family 6 Model 94 Stepping 3, GenuineIntel



---------------  S Y S T E M  ---------------

OS: Windows 10.0 , 64 bit Build 18362 (10.0.18362.778)

CPU:total 8 (initial active 8) (4 cores per cpu, 2 threads per core) family 6 model 94 stepping 3, cmov, cx8, fxsr, mmx, sse, sse2, sse3, ssse3, sse4.1, sse4.2, popcnt, avx, avx2, aes, clmul, erms, rtm, 3dnowpref, lzcnt, ht, tsc, tscinvbit, bmi1, bmi2, adx

Memory: 4k page, physical 12469336k(2945876k free), swap 14945368k(0k free)

vm_info: OpenJDK 64-Bit Server VM (25.212-b04) for windows-amd64 JRE (1.8.0_212-release-1586-b04), built by "builder" with MS VC++ 10.0 (VS2010)

time: Tue May 12 02:46:57 2020
timezone: SE Asia Standard Time
elapsed time: 15993 seconds (0d 4h 26m 33s)

